[0.008s] Invoking command in '/workspace/cxy/Robot_Operating_System/ros2_ws/build/cpp_pubsub': CMAKE_PREFIX_PATH=/workspace/cxy/Robot_Operating_System/ros2_ws/install/interfaces:/workspace/cxy/Robot_Operating_System/ros2_ws/install/cpp_pubsub:/opt/ros/foxy:/opt/third_party/casadi/lib/cmake/casadi:/opt/third_party/ceres/lib/cmake/Ceres:/opt/third_party/osqp-cpp/lib/cmake/:/opt/third_party/abseil-cpp/lib/cmake/:/opt/third_party/osqp/lib/cmake/ /usr/bin/cmake --build /workspace/cxy/Robot_Operating_System/ros2_ws/build/cpp_pubsub -- -j20 -l20
[0.017s] -- Found ament_cmake: 0.9.9 (/opt/ros/foxy/share/ament_cmake/cmake)
[0.031s] -- Using PYTHON_EXECUTABLE: /usr/bin/python3
[0.142s] -- Found rclcpp: 2.4.0 (/opt/ros/foxy/share/rclcpp/cmake)
[0.161s] -- Using all available rosidl_typesupport_c: rosidl_typesupport_fastrtps_c;rosidl_typesupport_introspection_c
[0.162s] -- Found rosidl_adapter: 1.2.1 (/opt/ros/foxy/share/rosidl_adapter/cmake)
[0.256s] -- Using all available rosidl_typesupport_cpp: rosidl_typesupport_fastrtps_cpp;rosidl_typesupport_introspection_cpp
[0.280s] -- Found rmw_implementation_cmake: 1.0.3 (/opt/ros/foxy/share/rmw_implementation_cmake/cmake)
[0.280s] -- Using RMW implementation 'rmw_cyclonedds_cpp' as default
[0.346s] -- Found interfaces: 0.0.0 (/workspace/cxy/Robot_Operating_System/ros2_ws/install/interfaces/share/interfaces/cmake)
[0.350s] -- Found ament_lint_auto: 0.9.6 (/opt/ros/foxy/share/ament_lint_auto/cmake)
[0.388s] -- Added test 'copyright' to check source files copyright and LICENSE
[0.389s] -- Added test 'cppcheck' to perform static code analysis on C / C++ code
[0.389s] -- Configured cppcheck include dirs: /workspace/cxy/Robot_Operating_System/ros2_ws/src/cpp_pubsub/include/cpp_pubsub
[0.389s] -- Configured cppcheck exclude dirs and/or files: 
[0.390s] -- Added test 'cpplint' to check C / C++ code against the Google style
[0.390s] -- Configured cpplint exclude dirs and/or files: 
[0.390s] -- Added test 'lint_cmake' to check CMake code style
[0.391s] -- Added test 'uncrustify' to check C / C++ code style
[0.391s] -- Configured uncrustify additional arguments: 
[0.391s] -- Added test 'xmllint' to check XML markup files
[0.391s] -- Configuring done
[0.398s] -- Generating done
[0.399s] -- Build files have been written to: /workspace/cxy/Robot_Operating_System/ros2_ws/build/cpp_pubsub
[0.408s] [35m[1mConsolidate compiler generated dependencies of target listener[0m
[0.408s] [35m[1mConsolidate compiler generated dependencies of target talker[0m
[0.416s] [ 50%] [32mBuilding CXX object CMakeFiles/listener.dir/src/sub.cpp.o[0m
[0.416s] [ 50%] [32mBuilding CXX object CMakeFiles/talker.dir/src/pub.cpp.o[0m
[0.476s] In file included from [01m[K/workspace/cxy/Robot_Operating_System/ros2_ws/src/cpp_pubsub/src/sub.cpp:7[m[K:
[0.476s] [01m[K/workspace/cxy/Robot_Operating_System/ros2_ws/src/cpp_pubsub/include/cpp_pubsub/bx_dual_sdk.h:1114:[m[K [01;35m[Kwarning: [m[Kignoring #pragma region Common [[01;35m[K-Wunknown-pragmas[m[K]
[0.476s]  1114 | #pragma region Common operation
[0.476s]       | 
[0.476s] [01m[K/workspace/cxy/Robot_Operating_System/ros2_ws/src/cpp_pubsub/include/cpp_pubsub/bx_dual_sdk.h:1169:2:[m[K [01;35m[Kwarning: [m[K"/*" within comment [[01;35m[K-Wcomment[m[K]
[0.476s]  1169 |  /*! ***************************************************************/
[0.476s]       |   
[0.476s] [01m[K/workspace/cxy/Robot_Operating_System/ros2_ws/src/cpp_pubsub/include/cpp_pubsub/bx_dual_sdk.h:1410:2:[m[K [01;35m[Kwarning: [m[K"/*" within comment [[01;35m[K-Wcomment[m[K]
[0.476s]  1410 |  /*! ***************************************************************/
[0.476s]       |   
[0.476s] [01m[K/workspace/cxy/Robot_Operating_System/ros2_ws/src/cpp_pubsub/include/cpp_pubsub/bx_dual_sdk.h:1453:2:[m[K [01;35m[Kwarning: [m[K"/*" within comment [[01;35m[K-Wcomment[m[K]
[0.476s]  1453 |  /*! ***************************************************************/
[0.476s]       |   
[0.476s] [01m[K/workspace/cxy/Robot_Operating_System/ros2_ws/src/cpp_pubsub/include/cpp_pubsub/bx_dual_sdk.h:1525:2:[m[K [01;35m[Kwarning: [m[K"/*" within comment [[01;35m[K-Wcomment[m[K]
[0.476s]  1525 |  /**UDP CMD END**/
[0.476s]       |   
[0.476s] [01m[K/workspace/cxy/Robot_Operating_System/ros2_ws/src/cpp_pubsub/include/cpp_pubsub/bx_dual_sdk.h:1536:2:[m[K [01;35m[Kwarning: [m[K"/*" within comment [[01;35m[K-Wcomment[m[K]
[0.476s]  1536 |  /*! *************************************************************** *!/
[0.476s]       |   
[0.477s] [01m[K/workspace/cxy/Robot_Operating_System/ros2_ws/src/cpp_pubsub/include/cpp_pubsub/bx_dual_sdk.h:1537:2:[m[K [01;35m[Kwarning: [m[K"/*" within comment [[01;35m[K-Wcomment[m[K]
[0.477s]  1537 |  /* ÂáΩÊï∞ÂêçÔºö       cmd_sysResetÔºàÔºâ
[0.477s]       |   
[0.477s] [01m[K/workspace/cxy/Robot_Operating_System/ros2_ws/src/cpp_pubsub/include/cpp_pubsub/bx_dual_sdk.h:3640:[m[K [01;35m[Kwarning: [m[Kignoring #pragma endregion Common [[01;35m[K-Wunknown-pragmas[m[K]
[0.477s]  3640 | #pragma endregion Common operation
[0.477s]       | 
[0.477s] In file included from [01m[K/workspace/cxy/Robot_Operating_System/ros2_ws/src/cpp_pubsub/include/cpp_pubsub/bx_sdk_dual.h:17[m[K,
[0.477s]                  from [01m[K/workspace/cxy/Robot_Operating_System/ros2_ws/src/cpp_pubsub/src/sub.cpp:8[m[K:
[0.477s] [01m[K/workspace/cxy/Robot_Operating_System/ros2_ws/src/cpp_pubsub/include/cpp_pubsub/bx_dual_sdk.h:1169:2:[m[K [01;35m[Kwarning: [m[K"/*" within comment [[01;35m[K-Wcomment[m[K]
[0.477s]  1169 |  /*! ***************************************************************/
[0.477s]       |   
[0.477s] [01m[K/workspace/cxy/Robot_Operating_System/ros2_ws/src/cpp_pubsub/include/cpp_pubsub/bx_dual_sdk.h:1410:2:[m[K [01;35m[Kwarning: [m[K"/*" within comment [[01;35m[K-Wcomment[m[K]
[0.477s]  1410 |  /*! ***************************************************************/
[0.477s]       |   
[0.477s] [01m[K/workspace/cxy/Robot_Operating_System/ros2_ws/src/cpp_pubsub/include/cpp_pubsub/bx_dual_sdk.h:1453:2:[m[K [01;35m[Kwarning: [m[K"/*" within comment [[01;35m[K-Wcomment[m[K]
[0.477s]  1453 |  /*! ***************************************************************/
[0.477s]       |   
[0.477s] [01m[K/workspace/cxy/Robot_Operating_System/ros2_ws/src/cpp_pubsub/include/cpp_pubsub/bx_dual_sdk.h:1525:2:[m[K [01;35m[Kwarning: [m[K"/*" within comment [[01;35m[K-Wcomment[m[K]
[0.477s]  1525 |  /**UDP CMD END**/
[0.477s]       |   
[0.477s] [01m[K/workspace/cxy/Robot_Operating_System/ros2_ws/src/cpp_pubsub/include/cpp_pubsub/bx_dual_sdk.h:1536:2:[m[K [01;35m[Kwarning: [m[K"/*" within comment [[01;35m[K-Wcomment[m[K]
[0.477s]  1536 |  /*! *************************************************************** *!/
[0.477s]       |   
[0.477s] [01m[K/workspace/cxy/Robot_Operating_System/ros2_ws/src/cpp_pubsub/include/cpp_pubsub/bx_dual_sdk.h:1537:2:[m[K [01;35m[Kwarning: [m[K"/*" within comment [[01;35m[K-Wcomment[m[K]
[0.477s]  1537 |  /* ÂáΩÊï∞ÂêçÔºö       cmd_sysResetÔºàÔºâ
[0.477s]       |   
[1.111s] [01m[K/workspace/cxy/Robot_Operating_System/ros2_ws/src/cpp_pubsub/src/sub.cpp:[m[K In function ‚Äò[01m[Kpath_select return_path()[m[K‚Äô:
[1.111s] [01m[K/workspace/cxy/Robot_Operating_System/ros2_ws/src/cpp_pubsub/src/sub.cpp:76:23:[m[K [01;31m[Kerror: [m[Kvariable ‚Äò[01m[Kstd::ifstream inFile[m[K‚Äô has initializer but incomplete type
[1.111s]    76 |  std::ifstream inFile([01;31m[KPicturesNumbersPath[m[K, std::ios::in);
[1.111s]       |                       [01;31m[K^~~~~~~~~~~~~~~~~~~[m[K
[1.113s] [01m[K/workspace/cxy/Robot_Operating_System/ros2_ws/src/cpp_pubsub/src/sub.cpp:[m[K In function ‚Äò[01m[Kvoid turn_picture_display(int)[m[K‚Äô:
[1.113s] [01m[K/workspace/cxy/Robot_Operating_System/ros2_ws/src/cpp_pubsub/src/sub.cpp:94:10:[m[K [01;35m[Kwarning: [m[Kunused variable ‚Äò[01m[KnPort[m[K‚Äô [[01;35m[K-Wunused-variable[m[K]
[1.113s]    94 |  Ouint32 [01;35m[KnPort[m[K = 5005;
[1.113s]       |          [01;35m[K^~~~~[m[K
[1.113s] [01m[K/workspace/cxy/Robot_Operating_System/ros2_ws/src/cpp_pubsub/src/sub.cpp:100:6:[m[K [01;35m[Kwarning: [m[Kunused variable ‚Äò[01m[KuAreaX[m[K‚Äô [[01;35m[K-Wunused-variable[m[K]
[1.113s]   100 |  int [01;35m[KuAreaX[m[K = 16;//32
[1.113s]       |      [01;35m[K^~~~~~[m[K
[1.115s] [01m[K/workspace/cxy/Robot_Operating_System/ros2_ws/src/cpp_pubsub/src/sub.cpp:[m[K In function ‚Äò[01m[Kint apply()[m[K‚Äô:
[1.115s] [01m[K/workspace/cxy/Robot_Operating_System/ros2_ws/src/cpp_pubsub/src/sub.cpp:196:3:[m[K [01;31m[Kerror: [m[K‚Äò[01m[Ksleep[m[K‚Äô was not declared in this scope
[1.115s]   196 |   [01;31m[Ksleep[m[K(1);
[1.115s]       |   [01;31m[K^~~~~[m[K
[1.115s] [01m[K/workspace/cxy/Robot_Operating_System/ros2_ws/src/cpp_pubsub/src/sub.cpp:147:10:[m[K [01;35m[Kwarning: [m[Kunused variable ‚Äò[01m[KnPort[m[K‚Äô [[01;35m[K-Wunused-variable[m[K]
[1.115s]   147 |  Ouint32 [01;35m[KnPort[m[K = 5005;
[1.115s]       |          [01;35m[K^~~~~[m[K
[1.869s] make[2]: *** [CMakeFiles/listener.dir/build.make:76: CMakeFiles/listener.dir/src/sub.cpp.o] Error 1
[1.869s] make[1]: *** [CMakeFiles/Makefile2:165: CMakeFiles/listener.dir/all] Error 2
[1.869s] make[1]: *** Waiting for unfinished jobs....
[2.000s] [ 75%] [32m[1mLinking CXX executable talker[0m
[2.074s] [ 75%] Built target talker
[2.074s] make: *** [Makefile:146: all] Error 2
[2.076s] Invoked command in '/workspace/cxy/Robot_Operating_System/ros2_ws/build/cpp_pubsub' returned '2': CMAKE_PREFIX_PATH=/workspace/cxy/Robot_Operating_System/ros2_ws/install/interfaces:/workspace/cxy/Robot_Operating_System/ros2_ws/install/cpp_pubsub:/opt/ros/foxy:/opt/third_party/casadi/lib/cmake/casadi:/opt/third_party/ceres/lib/cmake/Ceres:/opt/third_party/osqp-cpp/lib/cmake/:/opt/third_party/abseil-cpp/lib/cmake/:/opt/third_party/osqp/lib/cmake/ /usr/bin/cmake --build /workspace/cxy/Robot_Operating_System/ros2_ws/build/cpp_pubsub -- -j20 -l20
