[0.007s] Invoking command in '/workspace/cxy/Robot_Operating_System/ros2_ws/build/cpp_pubsub': CMAKE_PREFIX_PATH=/workspace/cxy/Robot_Operating_System/ros2_ws/install/interfaces:/workspace/cxy/Robot_Operating_System/ros2_ws/install/cpp_pubsub:/opt/ros/foxy:/opt/third_party/casadi/lib/cmake/casadi:/opt/third_party/ceres/lib/cmake/Ceres:/opt/third_party/osqp-cpp/lib/cmake/:/opt/third_party/abseil-cpp/lib/cmake/:/opt/third_party/osqp/lib/cmake/ /usr/bin/cmake --build /workspace/cxy/Robot_Operating_System/ros2_ws/build/cpp_pubsub -- -j20 -l20
[0.016s] -- Found ament_cmake: 0.9.9 (/opt/ros/foxy/share/ament_cmake/cmake)
[0.031s] -- Using PYTHON_EXECUTABLE: /usr/bin/python3
[0.134s] -- Found rclcpp: 2.4.0 (/opt/ros/foxy/share/rclcpp/cmake)
[0.157s] -- Using all available rosidl_typesupport_c: rosidl_typesupport_fastrtps_c;rosidl_typesupport_introspection_c
[0.158s] -- Found rosidl_adapter: 1.2.1 (/opt/ros/foxy/share/rosidl_adapter/cmake)
[0.275s] -- Using all available rosidl_typesupport_cpp: rosidl_typesupport_fastrtps_cpp;rosidl_typesupport_introspection_cpp
[0.297s] -- Found rmw_implementation_cmake: 1.0.3 (/opt/ros/foxy/share/rmw_implementation_cmake/cmake)
[0.297s] -- Using RMW implementation 'rmw_cyclonedds_cpp' as default
[0.359s] -- Found interfaces: 0.0.0 (/workspace/cxy/Robot_Operating_System/ros2_ws/install/interfaces/share/interfaces/cmake)
[0.362s] -- Found ament_lint_auto: 0.9.6 (/opt/ros/foxy/share/ament_lint_auto/cmake)
[0.398s] -- Added test 'copyright' to check source files copyright and LICENSE
[0.398s] -- Added test 'cppcheck' to perform static code analysis on C / C++ code
[0.399s] -- Configured cppcheck include dirs: /workspace/cxy/Robot_Operating_System/ros2_ws/src/cpp_pubsub/include/cpp_pubsub
[0.399s] -- Configured cppcheck exclude dirs and/or files: 
[0.399s] -- Added test 'cpplint' to check C / C++ code against the Google style
[0.399s] -- Configured cpplint exclude dirs and/or files: 
[0.399s] -- Added test 'lint_cmake' to check CMake code style
[0.400s] -- Added test 'uncrustify' to check C / C++ code style
[0.400s] -- Configured uncrustify additional arguments: 
[0.400s] -- Added test 'xmllint' to check XML markup files
[0.400s] -- Configuring done
[0.406s] -- Generating done
[0.407s] -- Build files have been written to: /workspace/cxy/Robot_Operating_System/ros2_ws/build/cpp_pubsub
[0.416s] [35m[1mConsolidate compiler generated dependencies of target talker[0m
[0.416s] [35m[1mConsolidate compiler generated dependencies of target listener[0m
[0.423s] [ 75%] Built target talker
[0.423s] [ 75%] [32m[1mLinking CXX executable listener[0m
[0.537s] /usr/bin/ld: CMakeFiles/listener.dir/src/sub.cpp.o: in function `MinimalSubscriber::topic_callback(std::shared_ptr<interfaces::msg::Num_<std::allocator<void> > >) const':
[0.537s] sub.cpp:(.text._ZNK17MinimalSubscriber14topic_callbackESt10shared_ptrIN10interfaces3msg4Num_ISaIvEEEE[_ZNK17MinimalSubscriber14topic_callbackESt10shared_ptrIN10interfaces3msg4Num_ISaIvEEEE]+0x1bc): undefined reference to `gettime()'
[0.545s] collect2: error: ld returned 1 exit status
[0.546s] make[2]: *** [CMakeFiles/listener.dir/build.make:149: listener] Error 1
[0.546s] make[1]: *** [CMakeFiles/Makefile2:165: CMakeFiles/listener.dir/all] Error 2
[0.546s] make: *** [Makefile:146: all] Error 2
[0.548s] Invoked command in '/workspace/cxy/Robot_Operating_System/ros2_ws/build/cpp_pubsub' returned '2': CMAKE_PREFIX_PATH=/workspace/cxy/Robot_Operating_System/ros2_ws/install/interfaces:/workspace/cxy/Robot_Operating_System/ros2_ws/install/cpp_pubsub:/opt/ros/foxy:/opt/third_party/casadi/lib/cmake/casadi:/opt/third_party/ceres/lib/cmake/Ceres:/opt/third_party/osqp-cpp/lib/cmake/:/opt/third_party/abseil-cpp/lib/cmake/:/opt/third_party/osqp/lib/cmake/ /usr/bin/cmake --build /workspace/cxy/Robot_Operating_System/ros2_ws/build/cpp_pubsub -- -j20 -l20
