[0.007s] Invoking command in '/src/ros2_ws/build/cpp_ps': /usr/bin/cmake /src/ros2_ws/src/cpp_ps -DCMAKE_INSTALL_PREFIX=/src/ros2_ws/install/cpp_ps
[0.043s] -- The C compiler identification is GNU 9.3.0
[0.080s] -- The CXX compiler identification is GNU 9.3.0
[0.084s] -- Detecting C compiler ABI info
[0.121s] -- Detecting C compiler ABI info - done
[0.126s] -- Check for working C compiler: /usr/bin/cc - skipped
[0.126s] -- Detecting C compile features
[0.126s] -- Detecting C compile features - done
[0.128s] -- Detecting CXX compiler ABI info
[0.178s] -- Detecting CXX compiler ABI info - done
[0.183s] -- Check for working CXX compiler: /usr/bin/g++ - skipped
[0.183s] -- Detecting CXX compile features
[0.183s] -- Detecting CXX compile features - done
[0.186s] -- Found ament_cmake: 0.9.9 (/opt/ros/foxy/share/ament_cmake/cmake)
[0.203s] -- Found PythonInterp: /usr/bin/python3 (found suitable version "3.8.10", minimum required is "3") 
[0.203s] -- Using PYTHON_EXECUTABLE: /usr/bin/python3
[0.318s] -- Found ament_lint_auto: 0.9.6 (/opt/ros/foxy/share/ament_lint_auto/cmake)
[0.359s] -- Added test 'copyright' to check source files copyright and LICENSE
[0.359s] -- Added test 'cppcheck' to perform static code analysis on C / C++ code
[0.360s] -- Configured cppcheck include dirs: /src/ros2_ws/src/cpp_ps/include
[0.360s] -- Configured cppcheck exclude dirs and/or files: 
[0.360s] -- Added test 'cpplint' to check C / C++ code against the Google style
[0.360s] -- Configured cpplint exclude dirs and/or files: 
[0.360s] -- Added test 'lint_cmake' to check CMake code style
[0.361s] -- Added test 'uncrustify' to check C / C++ code style
[0.361s] -- Configured uncrustify additional arguments: 
[0.361s] -- Added test 'xmllint' to check XML markup files
[0.361s] -- Configuring done
[0.363s] -- Generating done
[0.364s] -- Build files have been written to: /src/ros2_ws/build/cpp_ps
[0.366s] Invoked command in '/src/ros2_ws/build/cpp_ps' returned '0': /usr/bin/cmake /src/ros2_ws/src/cpp_ps -DCMAKE_INSTALL_PREFIX=/src/ros2_ws/install/cpp_ps
[0.368s] Invoking command in '/src/ros2_ws/build/cpp_ps': /usr/bin/cmake --build /src/ros2_ws/build/cpp_ps -- -j20 -l20
[0.384s] [ 50%] [32mBuilding CXX object CMakeFiles/talker.dir/src/sub.cpp.o[0m
[0.391s] [01m[K/src/ros2_ws/src/cpp_ps/src/sub.cpp:1:10:[m[K [01;31m[Kfatal error: [m[Kros/ros.h: No such file or directory
[0.391s]     1 | #include [01;31m[K"ros/ros.h"[m[K
[0.391s]       |          [01;31m[K^~~~~~~~~~~[m[K
[0.391s] compilation terminated.
[0.392s] make[2]: *** [CMakeFiles/talker.dir/build.make:76: CMakeFiles/talker.dir/src/sub.cpp.o] Error 1
[0.392s] make[1]: *** [CMakeFiles/Makefile2:137: CMakeFiles/talker.dir/all] Error 2
[0.392s] make: *** [Makefile:146: all] Error 2
[0.393s] Invoked command in '/src/ros2_ws/build/cpp_ps' returned '2': /usr/bin/cmake --build /src/ros2_ws/build/cpp_ps -- -j20 -l20
